<?xml version="1.0" encoding="utf-8"?><testsuites name="pytest tests"><testsuite name="pytest" errors="0" failures="0" skipped="0" tests="11" time="1.244" timestamp="2026-08-27T12:04:30.645106+00:00" hostname="agent-env-ffdbe9cf-d0cc-4bfb-9bea-c64db8afb61d"><testcase classname="tests.test_iter34_rc_sync.TestAuthRegression" name="test_otp_start_admin" time="0.331" /><testcase classname="tests.test_iter34_rc_sync.TestPostSyncGating" name="test_live_status_unlocked_for_premium" time="0.472" /><testcase classname="tests.test_iter34_rc_sync.TestAuthRegression" name="test_otp_verify_admin" time="0.105" /><testcase classname="tests.test_iter34_rc_sync.TestPostSyncGating" name="test_live_status_sanitised_for_public" time="0.041" /><testcase classname="tests.test_iter34_rc_sync.TestPostSyncGating" name="test_shows_unlocked_for_premium" time="0.224" /><testcase classname="tests.test_iter34_rc_sync.TestRcSyncInvalid" name="test_basic_monthly_rejected" time="0.150" /><testcase classname="tests.test_iter34_rc_sync.TestRcSyncInvalid" name="test_foobar_plan_returns_422" time="0.085" /><testcase classname="tests.test_iter34_rc_sync.TestRadioRegression" name="test_now_playing_has_https_stream" time="0.040" /><testcase classname="tests.test_iter34_rc_sync.TestRcSyncYearly" name="test_premium_yearly" time="0.041" /><testcase classname="tests.test_iter34_rc_sync.TestRcSyncAuth" name="test_unauthenticated_returns_401" time="0.075" /><testcase classname="tests.test_iter34_rc_sync.TestRcSyncMonthly" name="test_premium_monthly" time="0.070" /></testsuite></testsuites>