<?xml version="1.0" encoding="utf-8"?><testsuites name="pytest tests"><testsuite name="pytest" errors="0" failures="3" skipped="0" tests="21" time="31.239" timestamp="2026-09-02T12:21:14.302367+00:00" hostname="agent-env-ffdbe9cf-d0cc-4bfb-9bea-c64db8afb61d"><testcase classname="tests.test_iter38_full_regression.TestAuth" name="test_A1_otp_start_admin" time="0.005" /><testcase classname="tests.test_iter38_full_regression.TestAuth" name="test_A2_otp_verify_admin" time="0.087" /><testcase classname="tests.test_iter38_full_regression.TestAuth" name="test_A3_auth_me_admin" time="0.043" /><testcase classname="tests.test_iter38_full_regression.TestAuth" name="test_A4_subscription_reconcile" time="30.029"><failure message="requests.exceptions.ReadTimeout: HTTPConnectionPool(host='localhost', port=8001): Read timed out. (read timeout=30)">E   TimeoutError: timed out

The above exception was the direct cause of the following exception:
E   urllib3.exceptions.ReadTimeoutError: HTTPConnectionPool(host='localhost', port=8001): Read timed out. (read timeout=30)

During handling of the above exception, another exception occurred:
E   requests.exceptions.ReadTimeout: HTTPConnectionPool(host='localhost', port=8001): Read timed out. (read timeout=30)</failure></testcase><testcase classname="tests.test_iter38_full_regression.TestYouTubeLive" name="test_B1_live_status_no_500" time="0.003" /><testcase classname="tests.test_iter38_full_regression.TestYouTubeLive" name="test_B2_live_status_shape" time="0.042" /><testcase classname="tests.test_iter38_full_regression.TestYouTubeLive" name="test_B3_live_status_channel_resolved" time="0.044"><failure message="AssertionError: channelTitle empty even though error is null: {'isLive': False, 'title': None, 'thumbnail': None, 'startedAt': None, 'channelTitle': None, 'checkedAt': '2026-09-02T12:21:08.113481+00:00', 'error': None}&#10;assert None&#10; +  where None = &lt;built-in method get of dict object at 0xff3f058df2c0&gt;('channelTitle')&#10; +    where &lt;built-in method get of dict object at 0xff3f058df2c0&gt; = {'isLive': False, 'title': None, 'thumbnail': None, 'startedAt': None, ...}.get">E   AssertionError: channelTitle empty even though error is null: {'isLive': False, 'title': None, 'thumbnail': None, 'startedAt': None, 'channelTitle': None, 'checkedAt': '2026-09-02T12:21:08.113481+00:00', 'error': None}
    assert None
     +  where None = &lt;built-in method get of dict object at 0xff3f058df2c0&gt;('channelTitle')
     +    where &lt;built-in method get of dict object at 0xff3f058df2c0&gt; = {'isLive': False, 'title': None, 'thumbnail': None, 'startedAt': None, ...}.get</failure></testcase><testcase classname="tests.test_iter38_full_regression.TestYouTubeLive" name="test_B4_live_status_authenticated" time="0.044" /><testcase classname="tests.test_iter38_full_regression.TestRadio" name="test_C1_radio_live_unauth_blocked" time="0.042" /><testcase classname="tests.test_iter38_full_regression.TestRadio" name="test_C2_radio_live_with_admin_token" time="0.143"><failure message="AssertionError: radio/live signed 502 {&quot;detail&quot;:&quot;Upstream stream unavailable: [Errno -2] Name or service not known&quot;}&#10;assert 502 == 200&#10; +  where 502 = &lt;Response [502]&gt;.status_code">E   AssertionError: radio/live signed 502 {"detail":"Upstream stream unavailable: [Errno -2] Name or service not known"}
    assert 502 == 200
     +  where 502 = &lt;Response [502]&gt;.status_code</failure></testcase><testcase classname="tests.test_iter38_full_regression.TestPublicContent" name="test_D1_programs" time="0.043" /><testcase classname="tests.test_iter38_full_regression.TestPublicContent" name="test_D2_shows" time="0.015" /><testcase classname="tests.test_iter38_full_regression.TestPublicContent" name="test_D3_videos" time="0.099" /><testcase classname="tests.test_iter38_full_regression.TestPublicContent" name="test_D4_news" time="0.043" /><testcase classname="tests.test_iter38_full_regression.TestPublicContent" name="test_D5_categories" time="0.043" /><testcase classname="tests.test_iter38_full_regression.TestPayments" name="test_E1_admin_payments_list" time="0.010" /><testcase classname="tests.test_iter38_full_regression.TestPayments" name="test_E2_admin_payments_csv" time="0.088" /><testcase classname="tests.test_iter38_full_regression.TestPayments" name="test_E3_admin_payments_pdf" time="0.134" /><testcase classname="tests.test_iter38_full_regression.TestAdmin" name="test_F1_admin_users" time="0.044" /><testcase classname="tests.test_iter38_full_regression.TestAdmin" name="test_F2_admin_stats" time="0.094" /><testcase classname="tests.test_iter38_full_regression.TestAdmin" name="test_F3_admin_users_forbidden_without_token" time="0.042" /></testsuite></testsuites>