<?xml version="1.0" encoding="utf-8"?><testsuites name="pytest tests"><testsuite name="pytest" errors="0" failures="0" skipped="0" tests="12" time="1.141" timestamp="2026-08-27T10:54:15.665816+00:00" hostname="agent-env-ffdbe9cf-d0cc-4bfb-9bea-c64db8afb61d"><testcase classname="tests.test_radio_and_apple_config.TestRegressionPublicEndpoints" name="test_live_status_public_hides_playback_fields" time="0.145" /><testcase classname="tests.test_radio_and_apple_config.TestRegressionPublicEndpoints" name="test_radio_schedule_public" time="0.040" /><testcase classname="tests.test_radio_and_apple_config.TestRegressionPublicEndpoints" name="test_vod_videos_public" time="0.076" /><testcase classname="tests.test_radio_and_apple_config.TestRegressionPublicEndpoints" name="test_vod_videos_alt_path_reports_404" time="0.042" /><testcase classname="tests.test_radio_and_apple_config.TestAppleAuthConfig" name="test_apple_revocation_ready_true" time="0.055" /><testcase classname="tests.test_radio_and_apple_config.TestAdminSettingsRoundTrip" name="test_set_and_get_https_stream" time="0.438" /><testcase classname="tests.test_radio_and_apple_config.TestAppleAuthConfig" name="test_apple_client_secret_generation" time="0.004" /><testcase classname="tests.test_radio_and_apple_config.TestRadioNowPlaying" name="test_now_playing_includes_stream_urls" time="0.044" /><testcase classname="tests.test_radio_and_apple_config.TestRadioNowPlaying" name="test_now_playing_public_no_auth" time="0.145" /><testcase classname="tests.test_radio_and_apple_config.TestAdminSettingsRoundTrip" name="test_clear_https_stream" time="0.081" /><testcase classname="tests.test_radio_and_apple_config.TestAdminSettingsRoundTrip" name="test_restore_https_stream" time="0.100" /><testcase classname="tests.test_radio_and_apple_config.TestOtpAuthFlow" name="test_otp_start_and_verify_returns_access_token" time="0.166" /></testsuite></testsuites>