<?xml version="1.0" encoding="utf-8"?><testsuites name="pytest tests"><testsuite name="pytest" errors="0" failures="0" skipped="0" tests="17" time="1.810" timestamp="2026-08-27T12:22:53.853631+00:00" hostname="agent-env-ffdbe9cf-d0cc-4bfb-9bea-c64db8afb61d"><testcase classname="tests.test_iter34_radio_subscription_protection.TestPremiumUserAccess" name="test_upgrade_via_rc_sync_200" time="0.320" /><testcase classname="tests.test_iter34_radio_subscription_protection.TestPremiumUserAccess" name="test_premium_now_playing_full_payload" time="0.042" /><testcase classname="tests.test_iter34_radio_subscription_protection.TestPremiumUserAccess" name="test_premium_radio_token_endpoint" time="0.085" /><testcase classname="tests.test_iter34_radio_subscription_protection.TestPremiumUserAccess" name="test_premium_radio_live_streams_audio" time="0.350" /><testcase classname="tests.test_iter34_radio_subscription_protection.TestForgeAttack" name="test_session_access_token_rejected_by_radio_live" time="0.045" /><testcase classname="tests.test_iter34_radio_subscription_protection.TestFreeUserGating" name="test_free_user_now_playing_stripped" time="0.894" /><testcase classname="tests.test_iter34_radio_subscription_protection.TestForgeAttack" name="test_forged_jwt_wrong_purpose_rejected" time="0.081" /><testcase classname="tests.test_iter34_radio_subscription_protection.TestFreeUserGating" name="test_free_user_radio_token_402" time="0.176" /><testcase classname="tests.test_iter34_radio_subscription_protection.TestForgeAttack" name="test_forged_jwt_no_purpose_rejected" time="0.035" /><testcase classname="tests.test_iter34_radio_subscription_protection.TestForgeAttack" name="test_expired_radio_token_rejected" time="0.040" /><testcase classname="tests.test_iter34_radio_subscription_protection.TestRegressionSanity" name="test_rc_sync_premium_monthly_still_200" time="0.039" /><testcase classname="tests.test_iter34_radio_subscription_protection.TestRegressionSanity" name="test_live_status_200" time="0.099" /><testcase classname="tests.test_iter34_radio_subscription_protection.TestFreeUserGating" name="test_free_user_radio_live_missing_token_401" time="0.032" /><testcase classname="tests.test_iter34_radio_subscription_protection.TestFreeUserGating" name="test_free_user_radio_live_invalid_token_401" time="0.083" /><testcase classname="tests.test_iter34_radio_subscription_protection.TestRegressionSanity" name="test_otp_verify_returns_valid_jwt" time="0.130" /><testcase classname="tests.test_iter34_radio_subscription_protection.TestUnauthenticatedNowPlaying" name="test_no_auth_now_playing_200_and_stripped" time="0.049" /><testcase classname="tests.test_iter34_radio_subscription_protection.TestUnauthenticatedNowPlaying" name="test_no_auth_now_playing_still_has_metadata" time="0.042" /></testsuite></testsuites>