<?xml version="1.0" encoding="utf-8"?><testsuites name="pytest tests"><testsuite name="pytest" errors="0" failures="0" skipped="0" tests="10" time="2.282" timestamp="2026-08-26T04:35:59.594664+00:00" hostname="agent-env-ffdbe9cf-d0cc-4bfb-9bea-c64db8afb61d"><testcase classname="tests.test_iter32_cloudflare_stream.TestCFStreamConfigGet" name="test_get_returns_default_shape_no_leak" time="0.259" /><testcase classname="tests.test_iter32_cloudflare_stream.TestCFStreamConfigGet" name="test_get_requires_admin" time="0.101" /><testcase classname="tests.test_iter32_cloudflare_stream.TestCFStreamLiveInput" name="test_412_when_not_configured" time="0.076" /><testcase classname="tests.test_iter32_cloudflare_stream.TestCFStreamLiveInput" name="test_502_when_token_invalid" time="0.235" /><testcase classname="tests.test_iter32_cloudflare_stream.TestYouTubeLiveStatusRegression" name="test_unauth_never_returns_protected_fields" time="0.069" /><testcase classname="tests.test_iter32_cloudflare_stream.TestYouTubeLiveStatusRegression" name="test_response_shape_has_at_least_isLive" time="0.077" /><testcase classname="tests.test_iter32_cloudflare_stream.TestCFStreamConfigPut" name="test_put_empty_body_returns_400" time="0.901" /><testcase classname="tests.test_iter32_cloudflare_stream.TestCFStreamConfigPut" name="test_put_upserts_and_get_reflects" time="0.151" /><testcase classname="tests.test_iter32_cloudflare_stream.TestCFStreamVideos" name="test_412_when_not_configured" time="0.083" /><testcase classname="tests.test_iter32_cloudflare_stream.TestCFStreamVideos" name="test_502_when_token_invalid" time="0.255" /></testsuite></testsuites>