<?xml version="1.0" encoding="utf-8"?><testsuites name="pytest tests"><testsuite name="pytest" errors="0" failures="0" skipped="0" tests="19" time="7.896" timestamp="2026-08-23T17:22:41.163143+00:00" hostname="agent-env-ffdbe9cf-d0cc-4bfb-9bea-c64db8afb61d"><testcase classname="tests.test_iter25_admin_restore_pdf_audit.TestDashboard" name="test_dashboard_admin" time="0.268" /><testcase classname="tests.test_iter25_admin_restore_pdf_audit.TestDashboard" name="test_dashboard_forbidden_for_user" time="2.058" /><testcase classname="tests.test_iter25_admin_restore_pdf_audit.TestRevenueSeries" name="test_day" time="0.075" /><testcase classname="tests.test_iter25_admin_restore_pdf_audit.TestRevenueSeries" name="test_week" time="0.083" /><testcase classname="tests.test_iter25_admin_restore_pdf_audit.TestRevenueSeries" name="test_month" time="0.193" /><testcase classname="tests.test_iter25_admin_restore_pdf_audit.TestSubsReport" name="test_active" time="0.218" /><testcase classname="tests.test_iter25_admin_restore_pdf_audit.TestSubsReport" name="test_expired" time="0.074" /><testcase classname="tests.test_iter25_admin_restore_pdf_audit.TestSubsReport" name="test_all" time="0.111" /><testcase classname="tests.test_iter25_admin_restore_pdf_audit.TestAuditLog" name="test_news_create_delete_audit" time="0.251" /><testcase classname="tests.test_iter25_admin_restore_pdf_audit.TestAuditLog" name="test_audit_filter_action" time="0.079" /><testcase classname="tests.test_iter25_admin_restore_pdf_audit.TestAuditLog" name="test_audit_forbidden_for_user" time="0.108" /><testcase classname="tests.test_iter25_admin_restore_pdf_audit.TestUserAudit" name="test_user_update_delete_audit" time="0.496" /><testcase classname="tests.test_iter25_admin_restore_pdf_audit.TestReceiptPdf" name="test_receipt_current_month" time="0.088" /><testcase classname="tests.test_iter25_admin_restore_pdf_audit.TestReceiptPdf" name="test_receipt_specific_month" time="0.076" /><testcase classname="tests.test_iter25_admin_restore_pdf_audit.TestReceiptPdf" name="test_receipt_requires_auth" time="0.086" /><testcase classname="tests.test_iter25_admin_restore_pdf_audit.TestRegressions" name="test_stripe_subscribe_non_admin_forbidden" time="0.075" /><testcase classname="tests.test_iter25_admin_restore_pdf_audit.TestRegressions" name="test_stripe_checkout_live" time="0.799" /><testcase classname="tests.test_iter25_admin_restore_pdf_audit.TestRegressions" name="test_momo_initiate_and_guard" time="1.525" /><testcase classname="tests.test_iter25_admin_restore_pdf_audit.TestRegressions" name="test_youtube_sync" time="1.177" /></testsuite></testsuites>