<?xml version="1.0" encoding="utf-8"?><testsuites name="pytest tests"><testsuite name="pytest" errors="0" failures="0" skipped="0" tests="10" time="1.504" timestamp="2026-08-24T12:59:05.987583+00:00" hostname="agent-env-ffdbe9cf-d0cc-4bfb-9bea-c64db8afb61d"><testcase classname="tests.test_iter29_ios_gate_apple_revoke.TestAppleSignInPayloadCompat" name="test_apple_without_authorization_code" time="0.147" /><testcase classname="tests.test_iter29_ios_gate_apple_revoke.TestPublicNoRegression" name="test_health" time="0.197" /><testcase classname="tests.test_iter29_ios_gate_apple_revoke.TestAppleSignInPayloadCompat" name="test_apple_with_fake_authorization_code_does_not_crash" time="0.040" /><testcase classname="tests.test_iter29_ios_gate_apple_revoke.TestAppleSignInPayloadCompat" name="test_apple_missing_identity_token" time="0.044" /><testcase classname="tests.test_iter29_ios_gate_apple_revoke.TestPublicNoRegression" name="test_news" time="0.034" /><testcase classname="tests.test_iter29_ios_gate_apple_revoke.TestPublicNoRegression" name="test_radio_schedule" time="0.077" /><testcase classname="tests.test_iter29_ios_gate_apple_revoke.TestDeleteAccount" name="test_delete_own_account_returns_apple_revoked_false_when_no_refresh" time="0.431" /><testcase classname="tests.test_iter29_ios_gate_apple_revoke.TestPublicNoRegression" name="test_live_status" time="0.080" /><testcase classname="tests.test_iter29_ios_gate_apple_revoke.TestDeleteAccount" name="test_delete_wipes_sessions_and_otp_challenges" time="0.426" /><testcase classname="tests.test_iter29_ios_gate_apple_revoke.TestDeleteAccount" name="test_delete_requires_auth" time="0.105" /></testsuite></testsuites>