<?xml version="1.0" encoding="utf-8"?><testsuites name="pytest tests"><testsuite name="pytest" errors="0" failures="0" skipped="0" tests="10" time="22.614" timestamp="2026-08-22T13:48:18.246600+00:00" hostname="agent-env-ffdbe9cf-d0cc-4bfb-9bea-c64db8afb61d"><testcase classname="tests.test_momo_fallback_fix.TestMoMoInitiateHumanizedError" name="test_admin_basic_monthly_returns_humanized_failure" time="2.965" /><testcase classname="tests.test_momo_fallback_fix.TestMoMoInitiateHumanizedError" name="test_db_tracks_besoft_attempt_and_failure_reason" time="2.579" /><testcase classname="tests.test_momo_fallback_fix.TestMoMoNonAdminUser" name="test_non_admin_gets_humanized_failure" time="4.785" /><testcase classname="tests.test_momo_fallback_fix.TestMoMoAllPlans" name="test_plan_returns_friendly_failure[basic_monthly-1000]" time="2.559" /><testcase classname="tests.test_momo_fallback_fix.TestMoMoAllPlans" name="test_plan_returns_friendly_failure[basic_yearly-10000]" time="2.572" /><testcase classname="tests.test_momo_fallback_fix.TestMoMoAllPlans" name="test_plan_returns_friendly_failure[premium_monthly-3000]" time="2.567" /><testcase classname="tests.test_momo_fallback_fix.TestMoMoAllPlans" name="test_plan_returns_friendly_failure[premium_yearly-30000]" time="2.545" /><testcase classname="tests.test_momo_fallback_fix.TestMoMoValidation" name="test_bad_plan_returns_400" time="0.030" /><testcase classname="tests.test_momo_fallback_fix.TestMoMoValidation" name="test_bad_phone_returns_400" time="0.069" /><testcase classname="tests.test_momo_fallback_fix.TestVodMoMoUnaffected" name="test_vod_momo_endpoint_still_returns_humanized_or_valid" time="1.813" /></testsuite></testsuites>