<?xml version="1.0" encoding="utf-8"?><testsuites name="pytest tests"><testsuite name="pytest" errors="0" failures="0" skipped="1" tests="41" time="17.391" timestamp="2026-08-29T09:42:14.505203+00:00" hostname="agent-env-ffdbe9cf-d0cc-4bfb-9bea-c64db8afb61d"><testcase classname="tests.test_iter37_production_readiness.TestAuth" name="test_A1_anonymous_content_no_stream" time="0.135" /><testcase classname="tests.test_iter37_production_readiness.TestAuth" name="test_A2_admin_multi_format[250794230137]" time="0.087" /><testcase classname="tests.test_iter37_production_readiness.TestAuth" name="test_A2_admin_multi_format[+250 794 230 137]" time="0.086" /><testcase classname="tests.test_iter37_production_readiness.TestAuth" name="test_A2_admin_multi_format[250-794-230-137]" time="0.088" /><testcase classname="tests.test_iter37_production_readiness.TestAuth" name="test_A2_admin_multi_format[(250) 794 230 137]" time="0.086" /><testcase classname="tests.test_iter37_production_readiness.TestAuth" name="test_A3_non_admin_otp" time="1.955" /><testcase classname="tests.test_iter37_production_readiness.TestAuth" name="test_A4_auth_me_all_fields" time="0.130" /><testcase classname="tests.test_iter37_production_readiness.TestAuth" name="test_A5_logout_client_only" time="0.043" /><testcase classname="tests.test_iter37_production_readiness.TestSubscriptionPayments" name="test_B6_terms_current" time="0.042" /><testcase classname="tests.test_iter37_production_readiness.TestSubscriptionPayments" name="test_B7_terms_accept" time="0.088" /><testcase classname="tests.test_iter37_production_readiness.TestSubscriptionPayments" name="test_B8_rc_sync_premium" time="0.044" /><testcase classname="tests.test_iter37_production_readiness.TestSubscriptionPayments" name="test_B9_reconcile" time="1.653" /><testcase classname="tests.test_iter37_production_readiness.TestSubscriptionPayments" name="test_B10_plans" time="0.042" /><testcase classname="tests.test_iter37_production_readiness.TestSubscriptionPayments" name="test_B11_stripe_checkout" time="0.674" /><testcase classname="tests.test_iter37_production_readiness.TestSubscriptionPayments" name="test_B12_paypal_subscription" time="0.647" /><testcase classname="tests.test_iter37_production_readiness.TestSubscriptionPayments" name="test_B13_momo_initiate_and_poll" time="2.637" /><testcase classname="tests.test_iter37_production_readiness.TestSubscriptionPayments" name="test_B14_stripe_checkout_reachable" time="0.637" /><testcase classname="tests.test_iter37_production_readiness.TestRadioGate" name="test_C15_unauth_no_stream" time="0.003" /><testcase classname="tests.test_iter37_production_readiness.TestRadioGate" name="test_C16_free_user_no_stream" time="1.755" /><testcase classname="tests.test_iter37_production_readiness.TestRadioGate" name="test_C17_premium_gets_streams" time="0.087" /><testcase classname="tests.test_iter37_production_readiness.TestRadioGate" name="test_C18_radio_token_pur_claim" time="0.043" /><testcase classname="tests.test_iter37_production_readiness.TestRadioGate" name="test_C19_radio_live_streams" time="0.209" /><testcase classname="tests.test_iter37_production_readiness.TestRadioGate" name="test_C20_forged_token_rejected" time="0.002" /><testcase classname="tests.test_iter37_production_readiness.TestRadioGate" name="test_C21_upstream_stream_url" time="0.000" /><testcase classname="tests.test_iter37_production_readiness.TestLiveVideo" name="test_D22_live_status_public_no_leak" time="0.042" /><testcase classname="tests.test_iter37_production_readiness.TestLiveVideo" name="test_D23_live_status_premium" time="0.087" /><testcase classname="tests.test_iter37_production_readiness.TestLiveVideo" name="test_D24_live_session" time="0.043"><skipped type="pytest.skip" message="Not live now">/app/backend/tests/test_iter37_production_readiness.py:341: Not live now</skipped></testcase><testcase classname="tests.test_iter37_production_readiness.TestLiveVideo" name="test_D25_videos_status_worker_not_deployed" time="0.042" /><testcase classname="tests.test_iter37_production_readiness.TestLiveVideo" name="test_D26_videos_playback_unauth" time="0.043" /><testcase classname="tests.test_iter37_production_readiness.TestLiveVideo" name="test_D27_videos_playback_no_cf_id" time="0.044" /><testcase classname="tests.test_iter37_production_readiness.TestVOD" name="test_E28_shows_free_stripped" time="1.570" /><testcase classname="tests.test_iter37_production_readiness.TestVOD" name="test_E29_show_detail_premium_vs_free" time="1.817" /><testcase classname="tests.test_iter37_production_readiness.TestAdmin" name="test_F30_analytics_dashboard" time="1.854" /><testcase classname="tests.test_iter37_production_readiness.TestAdmin" name="test_F31_subscriptions_all" time="0.043" /><testcase classname="tests.test_iter37_production_readiness.TestAdmin" name="test_F32_payments_summary" time="0.045" /><testcase classname="tests.test_iter37_production_readiness.TestAdmin" name="test_F33_payments_list" time="0.043" /><testcase classname="tests.test_iter37_production_readiness.TestAdmin" name="test_F34_payments_csv" time="0.046" /><testcase classname="tests.test_iter37_production_readiness.TestAdmin" name="test_F35_business_pdf" time="0.061" /><testcase classname="tests.test_iter37_production_readiness.TestPublicContent" name="test_G36_public_endpoints" time="0.171" /><testcase classname="tests.test_iter37_production_readiness.TestPublicContent" name="test_G37_settings_slogan" time="0.042" /><testcase classname="tests.test_iter37_production_readiness.TestLanding" name="test_landing_web_bbkigali_com_count" time="0.001" /></testsuite></testsuites>