<?xml version="1.0" encoding="utf-8"?><testsuites name="pytest tests"><testsuite name="pytest" errors="0" failures="0" skipped="0" tests="5" time="6.015" timestamp="2026-08-21T18:16:22.713183+00:00" hostname="agent-env-ffdbe9cf-d0cc-4bfb-9bea-c64db8afb61d"><testcase classname="tests.test_vod_momo" name="test_locked_show_returns_eur_and_rwf" time="0.417" /><testcase classname="tests.test_vod_momo" name="test_vod_momo_initiate" time="2.269" /><testcase classname="tests.test_vod_momo" name="test_vod_momo_status_polling" time="3.116" /><testcase classname="tests.test_vod_momo" name="test_vod_momo_bad_phone_returns_400" time="0.039" /><testcase classname="tests.test_vod_momo" name="test_vod_momo_unauth" time="0.037" /></testsuite></testsuites>