<?xml version="1.0" encoding="utf-8"?><testsuites name="pytest tests"><testsuite name="pytest" errors="0" failures="1" skipped="1" tests="16" time="2.590" timestamp="2026-08-27T15:26:30.305327+00:00" hostname="agent-env-ffdbe9cf-d0cc-4bfb-9bea-c64db8afb61d"><testcase classname="tests.test_iter36_payments_and_legal.TestSubscriptionReconcile" name="test_unauth_401" time="0.004" /><testcase classname="tests.test_iter36_payments_and_legal.TestSubscriptionReconcile" name="test_auth_no_pending" time="1.604" /><testcase classname="tests.test_iter36_payments_and_legal.TestLegalTermsCurrent" name="test_public_shape" time="0.042" /><testcase classname="tests.test_iter36_payments_and_legal.TestLegalTermsAccept" name="test_unauth_401" time="0.042" /><testcase classname="tests.test_iter36_payments_and_legal.TestLegalTermsAccept" name="test_auth_default_context_persists" time="0.177" /><testcase classname="tests.test_iter36_payments_and_legal.TestAuthMeShape" name="test_all_new_fields_present" time="0.043"><failure message="AssertionError: /auth/me missing keys ['currentPlan', 'provider', 'termsAcceptedAt', 'termsVersion']. Got keys: ['id', 'phone', 'email', 'displayName', 'picture', 'tier', 'role', 'subscriptionExpiresAt']&#10;assert not ['currentPlan', 'provider', 'termsAcceptedAt', 'termsVersion']">backend/tests/test_iter36_payments_and_legal.py:185: in test_all_new_fields_present
    assert not missing, f"/auth/me missing keys {missing}. Got keys: {list(b.keys())}"
E   AssertionError: /auth/me missing keys ['currentPlan', 'provider', 'termsAcceptedAt', 'termsVersion']. Got keys: ['id', 'phone', 'email', 'displayName', 'picture', 'tier', 'role', 'subscriptionExpiresAt']
E   assert not ['currentPlan', 'provider', 'termsAcceptedAt', 'termsVersion']</failure></testcase><testcase classname="tests.test_iter36_payments_and_legal.TestLiveSession" name="test_premium_returns_correct_urls_or_404" time="0.087"><skipped type="pytest.skip" message="Station not live at the moment — 404 is acceptable">/app/backend/tests/test_iter36_payments_and_legal.py:206: Station not live at the moment — 404 is acceptable</skipped></testcase><testcase classname="tests.test_iter36_payments_and_legal.TestBusinessReportPdf" name="test_unauth_401" time="0.043" /><testcase classname="tests.test_iter36_payments_and_legal.TestBusinessReportPdf" name="test_non_admin_403" time="0.043" /><testcase classname="tests.test_iter36_payments_and_legal.TestBusinessReportPdf" name="test_admin_ok_pdf" time="0.084" /><testcase classname="tests.test_iter36_payments_and_legal.TestBusinessReportPdf" name="test_invalid_start_400" time="0.043" /><testcase classname="tests.test_iter36_payments_and_legal.TestBusinessReportPdf" name="test_end_before_start_400" time="0.043" /><testcase classname="tests.test_iter36_payments_and_legal.TestRegressionSanity" name="test_now_playing_unauth_hides_stream" time="0.044" /><testcase classname="tests.test_iter36_payments_and_legal.TestRegressionSanity" name="test_radio_token_jwt_pur" time="0.044" /><testcase classname="tests.test_iter36_payments_and_legal.TestRegressionSanity" name="test_rc_sync_still_works" time="0.044" /><testcase classname="tests.test_iter36_payments_and_legal.TestRegressionSanity" name="test_reconcile_after_rc_sync_premium" time="0.045" /></testsuite></testsuites>