<?xml version="1.0" encoding="utf-8"?><testsuites name="pytest tests"><testsuite name="pytest" errors="0" failures="1" skipped="0" tests="16" time="12.496" timestamp="2026-08-23T11:52:48.910639+00:00" hostname="agent-env-ffdbe9cf-d0cc-4bfb-9bea-c64db8afb61d"><testcase classname="tests.test_momo_transfer_and_paypal_iter17.TestHealth" name="test_api_health" time="0.289" /><testcase classname="tests.test_momo_transfer_and_paypal_iter17.TestGuestAccess" name="test_shows_list_guest" time="0.150" /><testcase classname="tests.test_momo_transfer_and_paypal_iter17.TestGuestAccess" name="test_show_detail_guest_locked" time="0.103" /><testcase classname="tests.test_momo_transfer_and_paypal_iter17.TestAuth" name="test_otp_start_regular_phone" time="3.379" /><testcase classname="tests.test_momo_transfer_and_paypal_iter17.TestAuth" name="test_otp_start_admin_returns_testcode" time="0.032" /><testcase classname="tests.test_momo_transfer_and_paypal_iter17.TestAuth" name="test_otp_verify_returns_bearer" time="0.109" /><testcase classname="tests.test_momo_transfer_and_paypal_iter17.TestMoMoSafetyGuard" name="test_merchant_phone_blocked_subscription[250798875274]" time="0.242" /><testcase classname="tests.test_momo_transfer_and_paypal_iter17.TestMoMoSafetyGuard" name="test_merchant_phone_blocked_subscription[+250 798 875 274]" time="0.032" /><testcase classname="tests.test_momo_transfer_and_paypal_iter17.TestMoMoSafetyGuard" name="test_merchant_phone_blocked_subscription[0798875274]" time="0.074" /><testcase classname="tests.test_momo_transfer_and_paypal_iter17.TestMoMoSafetyGuard" name="test_merchant_phone_blocked_vod" time="0.074" /><testcase classname="tests.test_momo_transfer_and_paypal_iter17.TestMoMoTransfer" name="test_subscription_uses_transfer_endpoint" time="2.059" /><testcase classname="tests.test_momo_transfer_and_paypal_iter17.TestMoMoTransfer" name="test_subscription_transfer_appears_in_logs" time="3.069" /><testcase classname="tests.test_momo_transfer_and_paypal_iter17.TestMoMoTransfer" name="test_vod_momo_uses_transfer" time="1.269"><failure message="Failed: VOD /transfer migration incomplete: besoftAttempt=None status='failed' failureReason='Invalid request body'. /transfer endpoint hit in logs: True. This means BeSoft is rejecting our /public/payments/transfer payload — the 'transfer_collection' attempt marker is only set on the success branch of server.py:1495. If the response is 400 the failure branch (line 1485) does not set besoftAttempt, so the field stays None even though /transfer was called. Fix: (a) correct the /transfer payload shape (BeSoft expects nested Debit/Credit objects — see error 'Key: TransferRequest.Debit.Amount required'), OR (b) at minimum, also set besoftAttempt='transfer_collection' on the failure branch so migration is auditable.">E   Failed: VOD /transfer migration incomplete: besoftAttempt=None status='failed' failureReason='Invalid request body'. /transfer endpoint hit in logs: True. This means BeSoft is rejecting our /public/payments/transfer payload — the 'transfer_collection' attempt marker is only set on the success branch of server.py:1495. If the response is 400 the failure branch (line 1485) does not set besoftAttempt, so the field stays None even though /transfer was called. Fix: (a) correct the /transfer payload shape (BeSoft expects nested Debit/Credit objects — see error 'Key: TransferRequest.Debit.Amount required'), OR (b) at minimum, also set besoftAttempt='transfer_collection' on the failure branch so migration is auditable.</failure></testcase><testcase classname="tests.test_momo_transfer_and_paypal_iter17.TestMoMoTransfer" name="test_momo_status_endpoint" time="0.034" /><testcase classname="tests.test_momo_transfer_and_paypal_iter17.TestPayPal" name="test_create_subscription_no_shipping" time="0.712" /><testcase classname="tests.test_momo_transfer_and_paypal_iter17.TestPayPal" name="test_vod_paypal_create_landing_billing" time="0.721" /></testsuite></testsuites>