<?xml version="1.0" encoding="utf-8"?><testsuites name="pytest tests"><testsuite name="pytest" errors="0" failures="0" skipped="0" tests="7" time="3.838" timestamp="2026-08-24T08:34:50.575304+00:00" hostname="agent-env-ffdbe9cf-d0cc-4bfb-9bea-c64db8afb61d"><testcase classname="tests.test_iter27_video_upload_and_schedule.TestVideoUploadAuth" name="test_requires_auth" time="0.154" /><testcase classname="tests.test_iter27_video_upload_and_schedule.TestVideoUploadValidation" name="test_ios_mov_quicktime" time="1.516" /><testcase classname="tests.test_iter27_video_upload_and_schedule.TestVideoUploadValidation" name="test_android_octet_stream_mp4" time="0.408" /><testcase classname="tests.test_iter27_video_upload_and_schedule.TestVideoUploadValidation" name="test_webm_video" time="1.047" /><testcase classname="tests.test_iter27_video_upload_and_schedule.TestVideoUploadValidation" name="test_rejects_text_file" time="0.116" /><testcase classname="tests.test_iter27_video_upload_and_schedule.TestScheduleCoverAndStatus" name="test_create_with_cover_and_status" time="0.353" /><testcase classname="tests.test_iter27_video_upload_and_schedule.TestScheduleCoverAndStatus" name="test_create_default_status_when_missing" time="0.194" /></testsuite></testsuites>