<?xml version="1.0" encoding="utf-8"?><testsuites name="pytest tests"><testsuite name="pytest" errors="0" failures="0" skipped="0" tests="9" time="1.829" timestamp="2026-08-26T18:12:56.033025+00:00" hostname="agent-env-ffdbe9cf-d0cc-4bfb-9bea-c64db8afb61d"><testcase classname="tests.test_iter34_radio_stream.TestServerCodePaths" name="test_server_reads_env_radio_stream_url" time="0.001" /><testcase classname="tests.test_iter34_radio_stream.TestRadioNowPlaying" name="test_now_playing_200" time="0.380" /><testcase classname="tests.test_iter34_radio_stream.TestRadioNowPlaying" name="test_now_playing_stream_url_is_bb_kigali" time="0.354" /><testcase classname="tests.test_iter34_radio_stream.TestRadioNowPlaying" name="test_now_playing_stream_url_https_field_present" time="0.121" /><testcase classname="tests.test_iter34_radio_stream.TestRadioNowPlaying" name="test_now_playing_show_title" time="0.089" /><testcase classname="tests.test_iter34_radio_stream.TestRadioNowPlaying" name="test_now_playing_required_fields" time="0.078" /><testcase classname="tests.test_iter34_radio_stream.TestRadioNowPlaying" name="test_now_playing_is_live_true" time="0.111" /><testcase classname="tests.test_iter34_radio_stream.TestRadioNowPlaying" name="test_now_playing_no_mongo_id" time="0.219" /><testcase classname="tests.test_iter34_radio_stream.TestRadioNowPlaying" name="test_now_playing_stable_across_calls" time="0.118" /></testsuite></testsuites>