<?xml version="1.0" encoding="utf-8"?><testsuites name="pytest tests"><testsuite name="pytest" errors="0" failures="0" skipped="0" tests="11" time="1.661" timestamp="2026-08-22T01:21:08.937436+00:00" hostname="agent-env-ffdbe9cf-d0cc-4bfb-9bea-c64db8afb61d"><testcase classname="tests.test_categories" name="test_public_categories_returns_defaults" time="0.294" /><testcase classname="tests.test_categories" name="test_public_categories_no_auth_required" time="0.177" /><testcase classname="tests.test_categories" name="test_admin_categories_requires_auth" time="0.052" /><testcase classname="tests.test_categories" name="test_admin_list_categories" time="0.095" /><testcase classname="tests.test_categories" name="test_create_music_category_and_verify_slug" time="0.087" /><testcase classname="tests.test_categories" name="test_duplicate_category_returns_409" time="0.070" /><testcase classname="tests.test_categories" name="test_rename_music_to_live_music_slug_becomes_live_music" time="0.128" /><testcase classname="tests.test_categories" name="test_create_and_delete_unreferenced_category" time="0.238" /><testcase classname="tests.test_categories" name="test_delete_vod_category_conflict_because_shows_reference_it" time="0.057" /><testcase classname="tests.test_categories" name="test_final_cleanup_delete_live_music" time="0.069" /><testcase classname="tests.test_categories" name="test_final_admin_listing_still_has_defaults" time="0.029" /></testsuite></testsuites>