<?xml version="1.0" encoding="utf-8"?><testsuites name="pytest tests"><testsuite name="pytest" errors="0" failures="0" skipped="0" tests="10" time="4.830" timestamp="2026-08-22T15:25:09.072781+00:00" hostname="agent-env-ffdbe9cf-d0cc-4bfb-9bea-c64db8afb61d"><testcase classname="tests.test_browse_freely_gate_on_play.TestGuestBrowse" name="test_shows_list_public" time="0.147" /><testcase classname="tests.test_browse_freely_gate_on_play.TestGuestBrowse" name="test_show_detail_guest_locked_login_required" time="0.064" /><testcase classname="tests.test_browse_freely_gate_on_play.TestGuestBrowse" name="test_categories_public" time="0.073" /><testcase classname="tests.test_browse_freely_gate_on_play.TestGuestBrowse" name="test_programs_public" time="0.032" /><testcase classname="tests.test_browse_freely_gate_on_play.TestGuestBrowse" name="test_news_public" time="0.032" /><testcase classname="tests.test_browse_freely_gate_on_play.TestGuestBrowse" name="test_show_detail_invalid_token_still_returns_guest_view" time="0.072" /><testcase classname="tests.test_browse_freely_gate_on_play.TestAuthenticatedShowDetail" name="test_show_detail_admin_locked_no_login_required" time="0.181" /><testcase classname="tests.test_browse_freely_gate_on_play.TestAdminProtection" name="test_admin_users_no_auth_returns_401" time="0.031" /><testcase classname="tests.test_browse_freely_gate_on_play.TestAdminProtection" name="test_admin_users_non_admin_returns_403" time="4.091" /><testcase classname="tests.test_browse_freely_gate_on_play.TestAdminProtection" name="test_admin_users_admin_returns_200" time="0.034" /></testsuite></testsuites>