<?xml version="1.0" encoding="utf-8"?><testsuites name="pytest tests"><testsuite name="pytest" errors="0" failures="0" skipped="0" tests="22" time="13.898" timestamp="2026-08-23T13:26:15.619242+00:00" hostname="agent-env-ffdbe9cf-d0cc-4bfb-9bea-c64db8afb61d"><testcase classname="tests.test_iter19_multifeature" name="test_health" time="0.125" /><testcase classname="tests.test_iter19_multifeature" name="test_shows_list_guest" time="0.096" /><testcase classname="tests.test_iter19_multifeature" name="test_show_detail_guest_locked" time="0.188" /><testcase classname="tests.test_iter19_multifeature" name="test_admin_otp_dev_testcode" time="0.079" /><testcase classname="tests.test_iter19_multifeature" name="test_admin_role_auto_promoted" time="0.239" /><testcase classname="tests.test_iter19_multifeature" name="test_momo_subscription_debit_credit_routing" time="2.479" /><testcase classname="tests.test_iter19_multifeature" name="test_momo_subscription_safety_guard[250798875274]" time="0.087" /><testcase classname="tests.test_iter19_multifeature" name="test_momo_subscription_safety_guard[+250 798 875 274]" time="0.083" /><testcase classname="tests.test_iter19_multifeature" name="test_momo_subscription_safety_guard[0798875274]" time="0.118" /><testcase classname="tests.test_iter19_multifeature" name="test_momo_vod_debit_credit_routing" time="2.447" /><testcase classname="tests.test_iter19_multifeature" name="test_momo_vod_safety_guard[250798875274]" time="0.197" /><testcase classname="tests.test_iter19_multifeature" name="test_momo_vod_safety_guard[+250 798 875 274]" time="0.177" /><testcase classname="tests.test_iter19_multifeature" name="test_momo_vod_safety_guard[0798875274]" time="0.193" /><testcase classname="tests.test_iter19_multifeature" name="test_youtube_sync_admin" time="0.604" /><testcase classname="tests.test_iter19_multifeature" name="test_youtube_status_admin" time="0.076" /><testcase classname="tests.test_iter19_multifeature" name="test_youtube_sync_unauthorized_no_token" time="0.085" /><testcase classname="tests.test_iter19_multifeature" name="test_youtube_sync_unauthorized_non_admin" time="2.628" /><testcase classname="tests.test_iter19_multifeature" name="test_apple_invalid_token" time="0.071" /><testcase classname="tests.test_iter19_multifeature" name="test_delete_account_no_auth" time="0.101" /><testcase classname="tests.test_iter19_multifeature" name="test_delete_account_throwaway_full_flow" time="2.071" /><testcase classname="tests.test_iter19_multifeature" name="test_paypal_subscription" time="0.765" /><testcase classname="tests.test_iter19_multifeature" name="test_paypal_vod" time="0.844" /></testsuite></testsuites>