<?xml version="1.0" encoding="utf-8"?><testsuites name="pytest tests"><testsuite name="pytest" errors="0" failures="0" skipped="0" tests="16" time="13.081" timestamp="2026-08-23T11:57:11.221840+00:00" hostname="agent-env-ffdbe9cf-d0cc-4bfb-9bea-c64db8afb61d"><testcase classname="tests.test_momo_transfer_and_paypal_iter17.TestHealth" name="test_api_health" time="0.152" /><testcase classname="tests.test_momo_transfer_and_paypal_iter17.TestGuestAccess" name="test_shows_list_guest" time="0.036" /><testcase classname="tests.test_momo_transfer_and_paypal_iter17.TestGuestAccess" name="test_show_detail_guest_locked" time="0.064" /><testcase classname="tests.test_momo_transfer_and_paypal_iter17.TestAuth" name="test_otp_start_regular_phone" time="2.431" /><testcase classname="tests.test_momo_transfer_and_paypal_iter17.TestAuth" name="test_otp_start_admin_returns_testcode" time="0.071" /><testcase classname="tests.test_momo_transfer_and_paypal_iter17.TestAuth" name="test_otp_verify_returns_bearer" time="0.106" /><testcase classname="tests.test_momo_transfer_and_paypal_iter17.TestMoMoSafetyGuard" name="test_merchant_phone_blocked_subscription[250798875274]" time="0.156" /><testcase classname="tests.test_momo_transfer_and_paypal_iter17.TestMoMoSafetyGuard" name="test_merchant_phone_blocked_subscription[+250 798 875 274]" time="0.070" /><testcase classname="tests.test_momo_transfer_and_paypal_iter17.TestMoMoSafetyGuard" name="test_merchant_phone_blocked_subscription[0798875274]" time="0.071" /><testcase classname="tests.test_momo_transfer_and_paypal_iter17.TestMoMoSafetyGuard" name="test_merchant_phone_blocked_vod" time="0.070" /><testcase classname="tests.test_momo_transfer_and_paypal_iter17.TestMoMoTransfer" name="test_subscription_uses_transfer_endpoint" time="2.655" /><testcase classname="tests.test_momo_transfer_and_paypal_iter17.TestMoMoTransfer" name="test_subscription_transfer_appears_in_logs" time="3.594" /><testcase classname="tests.test_momo_transfer_and_paypal_iter17.TestMoMoTransfer" name="test_vod_momo_uses_transfer" time="1.859" /><testcase classname="tests.test_momo_transfer_and_paypal_iter17.TestMoMoTransfer" name="test_momo_status_endpoint" time="0.074" /><testcase classname="tests.test_momo_transfer_and_paypal_iter17.TestPayPal" name="test_create_subscription_no_shipping" time="0.714" /><testcase classname="tests.test_momo_transfer_and_paypal_iter17.TestPayPal" name="test_vod_paypal_create_landing_billing" time="0.828" /></testsuite></testsuites>