<?xml version="1.0" encoding="utf-8"?><testsuites name="pytest tests"><testsuite name="pytest" errors="0" failures="0" skipped="0" tests="19" time="7.523" timestamp="2026-08-22T13:25:49.165428+00:00" hostname="agent-env-ffdbe9cf-d0cc-4bfb-9bea-c64db8afb61d"><testcase classname="tests.test_payments_and_whatsapp.TestAdminPaymentsSummary" name="test_summary_shape" time="1.434" /><testcase classname="tests.test_payments_and_whatsapp.TestAdminPaymentsSummary" name="test_summary_days_1" time="0.083" /><testcase classname="tests.test_payments_and_whatsapp.TestAdminPaymentsSummary" name="test_summary_days_90" time="0.186" /><testcase classname="tests.test_payments_and_whatsapp.TestAdminPaymentsSummary" name="test_summary_days_365" time="0.072" /><testcase classname="tests.test_payments_and_whatsapp.TestAdminPaymentsSummary" name="test_summary_by_method_shape" time="0.072" /><testcase classname="tests.test_payments_and_whatsapp.TestAdminPaymentsList" name="test_list_returns_array" time="0.207" /><testcase classname="tests.test_payments_and_whatsapp.TestAdminPaymentsList" name="test_list_filter_method_stripe" time="0.085" /><testcase classname="tests.test_payments_and_whatsapp.TestAdminPaymentsList" name="test_list_filter_status_success" time="0.075" /><testcase classname="tests.test_payments_and_whatsapp.TestAdminPaymentsList" name="test_list_combined_filter" time="0.074" /><testcase classname="tests.test_payments_and_whatsapp.TestAdminPaymentsList" name="test_list_desc_sorted" time="0.074" /><testcase classname="tests.test_payments_and_whatsapp.TestAdminPaymentsList" name="test_list_enrichment_fields_present" time="0.106" /><testcase classname="tests.test_payments_and_whatsapp.TestAdminPaymentsAuth" name="test_no_bearer_returns_401" time="0.071" /><testcase classname="tests.test_payments_and_whatsapp.TestAdminPaymentsAuth" name="test_no_bearer_summary_returns_401" time="0.075" /><testcase classname="tests.test_payments_and_whatsapp.TestAdminPaymentsAuth" name="test_non_admin_returns_403" time="0.153" /><testcase classname="tests.test_payments_and_whatsapp.TestAdminPaymentsAuth" name="test_non_admin_summary_returns_403" time="0.097" /><testcase classname="tests.test_payments_and_whatsapp.TestWhatsAppOtpDelivery" name="test_admin_phone_returns_testcode" time="0.081" /><testcase classname="tests.test_payments_and_whatsapp.TestWhatsAppOtpDelivery" name="test_direct_whatsapp_api_accepts_token" time="1.366" /><testcase classname="tests.test_payments_and_whatsapp.TestWhatsAppOtpDelivery" name="test_non_admin_otp_attempts_delivery_and_records" time="2.780" /><testcase classname="tests.test_payments_and_whatsapp.TestWhatsAppOtpDelivery" name="test_sms_provider_order_env" time="0.256" /></testsuite></testsuites>