<?xml version="1.0" encoding="utf-8"?><testsuites name="pytest tests"><testsuite name="pytest" errors="0" failures="2" skipped="0" tests="14" time="10.834" timestamp="2026-08-22T14:27:58.738862+00:00" hostname="agent-env-ffdbe9cf-d0cc-4bfb-9bea-c64db8afb61d"><testcase classname="tests.test_momo_payer_guard" name="test_subscription_momo_rejects_merchant_number[+250798875272-e164_no_spaces]" time="1.042" /><testcase classname="tests.test_momo_payer_guard" name="test_subscription_momo_rejects_merchant_number[250798875272-digits_only]" time="0.046" /><testcase classname="tests.test_momo_payer_guard" name="test_subscription_momo_rejects_merchant_number[+250 798 875 272-spaced_e164]" time="0.077" /><testcase classname="tests.test_momo_payer_guard" name="test_subscription_momo_rejects_merchant_number[250-798-875-272-dashed]" time="0.079" /><testcase classname="tests.test_momo_payer_guard" name="test_subscription_momo_rejects_merchant_number[0798875272-local_leading_zero]" time="2.855"><failure message="AssertionError: [local_leading_zero] expected 400 got 200: {&quot;reference&quot;:&quot;bbfm-cb9fe04758894e51&quot;,&quot;besoftTxId&quot;:&quot;26ccaceb-9ec8-45d0-89a3-821caf753449&quot;,&quot;status&quot;:&quot;failed&quot;,&quot;message&quot;:&quot;MTN MoMo temporarily unavailable. Please try Card payment or try again in a few minutes.&quot;,&quot;failureReason&quot;:&quot;provider error [HTTP_400]: unexpected status 400:  (retryable: false)&quot;,&quot;amount&quot;:1000,&quot;currency&quot;:&quot;RWF&quot;,&quot;pollUrl&quot;:&quot;https://radio-vod-platform.preview.emergentagent.com/api/billing/momo/bbfm-cb9fe04758894e51&quot;}&#10;assert 200 == 400&#10; +  where 200 = &lt;Response [200]&gt;.status_code">backend/tests/test_momo_payer_guard.py:73: in test_subscription_momo_rejects_merchant_number
    assert r.status_code == 400, f"[{label}] expected 400 got {r.status_code}: {r.text}"
E   AssertionError: [local_leading_zero] expected 400 got 200: {"reference":"bbfm-cb9fe04758894e51","besoftTxId":"26ccaceb-9ec8-45d0-89a3-821caf753449","status":"failed","message":"MTN MoMo temporarily unavailable. Please try Card payment or try again in a few minutes.","failureReason":"provider error [HTTP_400]: unexpected status 400:  (retryable: false)","amount":1000,"currency":"RWF","pollUrl":"https://radio-vod-platform.preview.emergentagent.com/api/billing/momo/bbfm-cb9fe04758894e51"}
E   assert 200 == 400
E    +  where 200 = &lt;Response [200]&gt;.status_code</failure></testcase><testcase classname="tests.test_momo_payer_guard" name="test_subscription_momo_accepts_customer_number" time="2.554" /><testcase classname="tests.test_momo_payer_guard" name="test_subscription_momo_requires_auth" time="0.037" /><testcase classname="tests.test_momo_payer_guard" name="test_vod_momo_rejects_merchant_number[+250798875272-e164_no_spaces]" time="0.074" /><testcase classname="tests.test_momo_payer_guard" name="test_vod_momo_rejects_merchant_number[250798875272-digits_only]" time="0.079" /><testcase classname="tests.test_momo_payer_guard" name="test_vod_momo_rejects_merchant_number[+250 798 875 272-spaced_e164]" time="0.046" /><testcase classname="tests.test_momo_payer_guard" name="test_vod_momo_rejects_merchant_number[250-798-875-272-dashed]" time="0.075" /><testcase classname="tests.test_momo_payer_guard" name="test_vod_momo_rejects_merchant_number[0798875272-local_leading_zero]" time="1.908"><failure message="AssertionError: [local_leading_zero] expected 400 got 200: {&quot;reference&quot;:&quot;vod-c6402593-90f5f2fd48&quot;,&quot;besoftTxId&quot;:&quot;b0b035bf-32d5-454d-8876-eca7722dde38&quot;,&quot;status&quot;:&quot;failed&quot;,&quot;amount&quot;:1000.0,&quot;currency&quot;:&quot;RWF&quot;,&quot;message&quot;:&quot;MoMo declined: PAYER_NOT_FOUND&quot;,&quot;failureReason&quot;:&quot;PAYER_NOT_FOUND&quot;}&#10;assert 200 == 400&#10; +  where 200 = &lt;Response [200]&gt;.status_code">backend/tests/test_momo_payer_guard.py:129: in test_vod_momo_rejects_merchant_number
    assert r.status_code == 400, f"[{label}] expected 400 got {r.status_code}: {r.text}"
E   AssertionError: [local_leading_zero] expected 400 got 200: {"reference":"vod-c6402593-90f5f2fd48","besoftTxId":"b0b035bf-32d5-454d-8876-eca7722dde38","status":"failed","amount":1000.0,"currency":"RWF","message":"MoMo declined: PAYER_NOT_FOUND","failureReason":"PAYER_NOT_FOUND"}
E   assert 200 == 400
E    +  where 200 = &lt;Response [200]&gt;.status_code</failure></testcase><testcase classname="tests.test_momo_payer_guard" name="test_vod_momo_accepts_customer_number" time="1.812" /><testcase classname="tests.test_momo_payer_guard" name="test_source_direction_audit" time="0.001" /></testsuite></testsuites>