<?xml version="1.0" encoding="utf-8"?><testsuites name="pytest tests"><testsuite name="pytest" errors="0" failures="0" skipped="0" tests="18" time="6.130" timestamp="2026-08-22T03:29:07.547217+00:00" hostname="agent-env-ffdbe9cf-d0cc-4bfb-9bea-c64db8afb61d"><testcase classname="tests.test_stripe_live.TestStripeConfig" name="test_config_enabled_live" time="0.299" /><testcase classname="tests.test_stripe_live.TestStripeConfig" name="test_config_requires_auth" time="0.074" /><testcase classname="tests.test_stripe_live.TestStripeSubscriptionCheckout" name="test_create_subscription_session_all_plans[basic_monthly]" time="0.545" /><testcase classname="tests.test_stripe_live.TestStripeSubscriptionCheckout" name="test_create_subscription_session_all_plans[basic_yearly]" time="0.538" /><testcase classname="tests.test_stripe_live.TestStripeSubscriptionCheckout" name="test_create_subscription_session_all_plans[premium_monthly]" time="0.633" /><testcase classname="tests.test_stripe_live.TestStripeSubscriptionCheckout" name="test_create_subscription_session_all_plans[premium_yearly]" time="0.561" /><testcase classname="tests.test_stripe_live.TestStripeSubscriptionCheckout" name="test_create_subscription_invalid_plan" time="0.079" /><testcase classname="tests.test_stripe_live.TestStripeSubscriptionCheckout" name="test_create_subscription_missing_plan" time="0.066" /><testcase classname="tests.test_stripe_live.TestStripeSubscriptionCheckout" name="test_create_checkout_no_auth" time="0.066" /><testcase classname="tests.test_stripe_live.TestStripeSubscriptionCheckout" name="test_regular_user_can_create_subscription" time="1.267" /><testcase classname="tests.test_stripe_live.TestStripeVodCheckout" name="test_create_vod_session" time="0.483" /><testcase classname="tests.test_stripe_live.TestStripeVodCheckout" name="test_vod_without_show_id" time="0.170" /><testcase classname="tests.test_stripe_live.TestStripeVodCheckout" name="test_vod_unknown_show_id" time="0.079" /><testcase classname="tests.test_stripe_live.TestStripeSessionStatusAuth" name="test_session_status_belongs_to_owner_only" time="0.908" /><testcase classname="tests.test_stripe_live.TestStripeSessionStatusAuth" name="test_session_status_no_auth" time="0.079" /><testcase classname="tests.test_stripe_live.TestStripeWebhookStructural" name="test_webhook_endpoint_accepts_post" time="0.065" /><testcase classname="tests.test_stripe_live.TestStripeReturnPages" name="test_cancel_page_html" time="0.064" /><testcase classname="tests.test_stripe_live.TestStripeReturnPages" name="test_return_page_html" time="0.075" /></testsuite></testsuites>