<?xml version="1.0" encoding="utf-8"?><testsuites name="pytest tests"><testsuite name="pytest" errors="0" failures="0" skipped="0" tests="7" time="1.290" timestamp="2026-08-24T08:54:18.194891+00:00" hostname="agent-env-ffdbe9cf-d0cc-4bfb-9bea-c64db8afb61d"><testcase classname="tests.test_iter28_live_and_featured.TestLiveStatus" name="test_live_status_shape" time="0.507" /><testcase classname="tests.test_iter28_live_and_featured.TestLiveStatus" name="test_live_status_refresh_forces_fresh" time="0.276" /><testcase classname="tests.test_iter28_live_and_featured.TestFeaturedSchedule" name="test_create_featured_slot" time="0.566" /><testcase classname="tests.test_iter28_live_and_featured.TestFeaturedSchedule" name="test_create_second_featured_unfeatures_first" time="0.149" /><testcase classname="tests.test_iter28_live_and_featured.TestFeaturedSchedule" name="test_patch_featured_unfeatures_others" time="0.082" /><testcase classname="tests.test_iter28_live_and_featured.TestFeaturedSchedule" name="test_description_returned_in_public_schedule" time="0.037" /><testcase classname="tests.test_iter28_live_and_featured.TestFeaturedSchedule" name="test_cleanup" time="0.133" /></testsuite></testsuites>