<?xml version="1.0" encoding="utf-8"?><testsuites name="pytest tests"><testsuite name="pytest" errors="0" failures="0" skipped="0" tests="10" time="2.480" timestamp="2026-08-22T09:58:03.402397+00:00" hostname="agent-env-ffdbe9cf-d0cc-4bfb-9bea-c64db8afb61d"><testcase classname="tests.test_sms_providers.TestSmsProvidersEndpoint" name="test_no_auth_401" time="0.159" /><testcase classname="tests.test_sms_providers.TestSmsProvidersEndpoint" name="test_non_admin_403" time="0.659" /><testcase classname="tests.test_sms_providers.TestSmsProvidersEndpoint" name="test_admin_returns_order_and_providers" time="0.211" /><testcase classname="tests.test_sms_providers.TestSmsTestEndpoint" name="test_no_auth_401" time="0.068" /><testcase classname="tests.test_sms_providers.TestSmsTestEndpoint" name="test_non_admin_403" time="0.049" /><testcase classname="tests.test_sms_providers.TestSmsTestEndpoint" name="test_invalid_phone_400" time="0.028" /><testcase classname="tests.test_sms_providers.TestSmsTestEndpoint" name="test_chain_attempts_all_four_providers" time="0.603" /><testcase classname="tests.test_sms_providers.TestOtpStartChainBehavior" name="test_otp_start_returns_testcode_with_attempts_message" time="0.552" /><testcase classname="tests.test_sms_providers.TestOtpStartChainBehavior" name="test_otp_start_admin_phone_uses_universal_code" time="0.032" /><testcase classname="tests.test_sms_providers.TestOtpStartChainBehavior" name="test_otp_start_invalid_phone_400" time="0.068" /></testsuite></testsuites>