<?xml version="1.0" encoding="utf-8"?><testsuites name="pytest tests"><testsuite name="pytest" errors="0" failures="0" skipped="0" tests="13" time="11.328" timestamp="2026-08-23T16:57:25.951237+00:00" hostname="agent-env-ffdbe9cf-d0cc-4bfb-9bea-c64db8afb61d"><testcase classname="tests.test_stripe_security_audit.TestSubscribeAdminOnly" name="test_non_admin_gets_403_and_no_grant" time="2.994" /><testcase classname="tests.test_stripe_security_audit.TestSubscribeAdminOnly" name="test_admin_subscribe_returns_comp_no_mocked_flag" time="0.270" /><testcase classname="tests.test_stripe_security_audit.TestStripeRealCheckout" name="test_subscription_checkout_returns_cs_live" time="0.673" /><testcase classname="tests.test_stripe_security_audit.TestStripeRealCheckout" name="test_unpaid_session_status_paid_false_and_no_grant" time="0.584" /><testcase classname="tests.test_stripe_security_audit.TestStripeRealCheckout" name="test_cross_user_isolation_returns_404" time="1.898" /><testcase classname="tests.test_stripe_security_audit.TestStripeRealCheckout" name="test_vod_checkout_returns_cs_live_and_no_unlock" time="1.045" /><testcase classname="tests.test_stripe_security_audit.TestStripeWebhookSignature" name="test_garbage_no_signature_rejected" time="0.083" /><testcase classname="tests.test_stripe_security_audit.TestStripeWebhookSignature" name="test_garbage_with_bad_signature_rejected" time="0.088" /><testcase classname="tests.test_stripe_security_audit.TestRegressions" name="test_health" time="0.073" /><testcase classname="tests.test_stripe_security_audit.TestRegressions" name="test_privacy" time="0.083" /><testcase classname="tests.test_stripe_security_audit.TestRegressions" name="test_paypal_create_subscription_returns_paypal_url" time="0.797" /><testcase classname="tests.test_stripe_security_audit.TestRegressions" name="test_momo_initiate_admin_phone_pending" time="2.534" /><testcase classname="tests.test_stripe_security_audit.TestRegressions" name="test_momo_initiate_merchant_msisdn_rejected" time="0.085" /></testsuite></testsuites>