<?xml version="1.0" encoding="utf-8"?><testsuites name="pytest tests"><testsuite name="pytest" errors="0" failures="0" skipped="0" tests="20" time="16.293" timestamp="2026-08-22T14:38:15.150714+00:00" hostname="agent-env-ffdbe9cf-d0cc-4bfb-9bea-c64db8afb61d"><testcase classname="tests.test_momo_payer_guard" name="test_subscription_momo_rejects_merchant_number[+250798875272-e164_no_spaces]" time="3.990" /><testcase classname="tests.test_momo_payer_guard" name="test_subscription_momo_rejects_merchant_number[250798875272-digits_only]" time="0.043" /><testcase classname="tests.test_momo_payer_guard" name="test_subscription_momo_rejects_merchant_number[+250 798 875 272-spaced_e164]" time="0.058" /><testcase classname="tests.test_momo_payer_guard" name="test_subscription_momo_rejects_merchant_number[250-798-875-272-dashed]" time="0.095" /><testcase classname="tests.test_momo_payer_guard" name="test_subscription_momo_rejects_merchant_number[0798875272-local_leading_zero]" time="0.046" /><testcase classname="tests.test_momo_payer_guard" name="test_subscription_momo_rejects_merchant_number[798875272-nine_digit_bare]" time="0.047" /><testcase classname="tests.test_momo_payer_guard" name="test_subscription_momo_rejects_merchant_number[+2500798875272-cc_plus_leading_zero]" time="0.044" /><testcase classname="tests.test_momo_payer_guard" name="test_subscription_momo_accepts_customer_number[+250 794 230 137-spaced_e164]" time="4.264" /><testcase classname="tests.test_momo_payer_guard" name="test_subscription_momo_accepts_customer_number[0794230137-local_leading_zero]" time="2.624" /><testcase classname="tests.test_momo_payer_guard" name="test_subscription_momo_accepts_customer_number[794230137-nine_digit_bare]" time="2.594" /><testcase classname="tests.test_momo_payer_guard" name="test_subscription_momo_requires_auth" time="0.083" /><testcase classname="tests.test_momo_payer_guard" name="test_vod_momo_rejects_merchant_number[+250798875272-e164_no_spaces]" time="0.122" /><testcase classname="tests.test_momo_payer_guard" name="test_vod_momo_rejects_merchant_number[250798875272-digits_only]" time="0.047" /><testcase classname="tests.test_momo_payer_guard" name="test_vod_momo_rejects_merchant_number[+250 798 875 272-spaced_e164]" time="0.060" /><testcase classname="tests.test_momo_payer_guard" name="test_vod_momo_rejects_merchant_number[250-798-875-272-dashed]" time="0.047" /><testcase classname="tests.test_momo_payer_guard" name="test_vod_momo_rejects_merchant_number[0798875272-local_leading_zero]" time="0.041" /><testcase classname="tests.test_momo_payer_guard" name="test_vod_momo_rejects_merchant_number[798875272-nine_digit_bare]" time="0.084" /><testcase classname="tests.test_momo_payer_guard" name="test_vod_momo_rejects_merchant_number[+2500798875272-cc_plus_leading_zero]" time="0.049" /><testcase classname="tests.test_momo_payer_guard" name="test_vod_momo_accepts_customer_number" time="1.825" /><testcase classname="tests.test_momo_payer_guard" name="test_source_direction_audit" time="0.002" /></testsuite></testsuites>