<?xml version="1.0" encoding="utf-8"?><testsuites name="pytest tests"><testsuite name="pytest" errors="0" failures="0" skipped="0" tests="19" time="5.549" timestamp="2026-08-21T10:28:33.571938+00:00" hostname="agent-env-ffdbe9cf-d0cc-4bfb-9bea-c64db8afb61d"><testcase classname="tests.test_bbfm_backend" name="test_health" time="3.544" /><testcase classname="tests.test_bbfm_backend" name="test_otp_start_returns_test_code" time="0.153" /><testcase classname="tests.test_bbfm_backend" name="test_otp_start_invalid_phone" time="0.038" /><testcase classname="tests.test_bbfm_backend" name="test_otp_verify_success" time="0.081" /><testcase classname="tests.test_bbfm_backend" name="test_otp_verify_wrong_code" time="0.136" /><testcase classname="tests.test_bbfm_backend" name="test_me_requires_auth" time="0.111" /><testcase classname="tests.test_bbfm_backend" name="test_me_with_token" time="0.199" /><testcase classname="tests.test_bbfm_backend" name="test_now_playing" time="0.080" /><testcase classname="tests.test_bbfm_backend" name="test_schedule" time="0.041" /><testcase classname="tests.test_bbfm_backend" name="test_shows_seeded" time="0.056" /><testcase classname="tests.test_bbfm_backend" name="test_shows_filter_podcast" time="0.050" /><testcase classname="tests.test_bbfm_backend" name="test_premium_show_locked_for_free" time="0.194" /><testcase classname="tests.test_bbfm_backend" name="test_free_show_unlocked" time="0.081" /><testcase classname="tests.test_bbfm_backend" name="test_news_list" time="0.041" /><testcase classname="tests.test_bbfm_backend" name="test_plans" time="0.082" /><testcase classname="tests.test_bbfm_backend" name="test_subscribe_basic_stripe_and_verify" time="0.130" /><testcase classname="tests.test_bbfm_backend" name="test_subscribe_premium_momo" time="0.042" /><testcase classname="tests.test_bbfm_backend" name="test_billing_history" time="0.049" /><testcase classname="tests.test_bbfm_backend" name="test_premium_show_unlocked_after_upgrade" time="0.085" /></testsuite></testsuites>