<?xml version="1.0" encoding="utf-8"?><testsuites name="pytest tests"><testsuite name="pytest" errors="0" failures="0" skipped="0" tests="16" time="3.334" timestamp="2026-08-22T03:04:14.369934+00:00" hostname="agent-env-ffdbe9cf-d0cc-4bfb-9bea-c64db8afb61d"><testcase classname="tests.test_admin_users_and_momo.TestAdminInviteFlow" name="test_invite_new_admin" time="0.435" /><testcase classname="tests.test_admin_users_and_momo.TestAdminUsersList" name="test_list_users_returns_array_with_admin" time="0.268" /><testcase classname="tests.test_admin_users_and_momo.TestAdminUsersList" name="test_list_users_filter_by_q" time="0.111" /><testcase classname="tests.test_admin_users_and_momo.TestAdminInviteFlow" name="test_re_invite_existing_returns_created_false" time="0.086" /><testcase classname="tests.test_admin_users_and_momo.TestAdminInviteFlow" name="test_demote_to_user" time="0.157" /><testcase classname="tests.test_admin_users_and_momo.TestAdminInviteFlow" name="test_self_demotion_forbidden" time="0.080" /><testcase classname="tests.test_admin_users_and_momo.TestAdminInviteFlow" name="test_delete_self_forbidden" time="0.077" /><testcase classname="tests.test_admin_users_and_momo.TestAdminInviteFlow" name="test_delete_invitee" time="0.138" /><testcase classname="tests.test_admin_users_and_momo.TestAdminInviteFlow" name="test_delete_nonexistent_returns_404" time="0.070" /><testcase classname="tests.test_admin_users_and_momo.TestAdminInviteFlow" name="test_invite_with_email" time="0.152" /><testcase classname="tests.test_admin_users_and_momo.TestAdminUsersList" name="test_non_admin_forbidden" time="0.803" /><testcase classname="tests.test_admin_users_and_momo.TestAdminUsersList" name="test_no_auth_unauthorized" time="0.084" /><testcase classname="tests.test_admin_users_and_momo.TestAdminInviteFlow" name="test_invite_missing_phone_and_email" time="0.080" /><testcase classname="tests.test_admin_users_and_momo.TestMoMoFailureSurfacing" name="test_momo_initiate_returns_message_and_failure_reason" time="1.354" /><testcase classname="tests.test_admin_users_and_momo.TestMoMoFailureSurfacing" name="test_momo_initiate_invalid_plan" time="0.183" /><testcase classname="tests.test_admin_users_and_momo.TestMoMoFailureSurfacing" name="test_momo_initiate_requires_auth" time="0.184" /></testsuite></testsuites>