<?xml version="1.0" encoding="utf-8"?><testsuites name="pytest tests"><testsuite name="pytest" errors="0" failures="0" skipped="0" tests="11" time="1.038" timestamp="2026-08-22T16:19:21.634881+00:00" hostname="agent-env-ffdbe9cf-d0cc-4bfb-9bea-c64db8afb61d"><testcase classname="tests.test_deployment_readiness.TestHealthProbes" name="test_root_health_shape" time="0.004" /><testcase classname="tests.test_deployment_readiness.TestHealthProbes" name="test_api_health_shape" time="0.042" /><testcase classname="tests.test_deployment_readiness.TestAuthAfterJWTChange" name="test_otp_start_returns_test_code" time="0.042" /><testcase classname="tests.test_deployment_readiness.TestAuthAfterJWTChange" name="test_otp_verify_returns_jwt" time="0.085" /><testcase classname="tests.test_deployment_readiness.TestAuthAfterJWTChange" name="test_admin_users_with_new_jwt" time="0.129" /><testcase classname="tests.test_deployment_readiness.TestExistingEndpoints" name="test_guest_shows" time="0.042" /><testcase classname="tests.test_deployment_readiness.TestExistingEndpoints" name="test_guest_categories" time="0.042" /><testcase classname="tests.test_deployment_readiness.TestExistingEndpoints" name="test_admin_sms_providers" time="0.043" /><testcase classname="tests.test_deployment_readiness.TestExistingEndpoints" name="test_admin_payments_summary" time="0.045" /><testcase classname="tests.test_deployment_readiness.TestExistingEndpoints" name="test_momo_initiate_safety_guard" time="0.043" /><testcase classname="tests.test_deployment_readiness.TestExistingEndpoints" name="test_stripe_checkout_creation" time="0.472" /></testsuite></testsuites>