<?xml version="1.0" encoding="utf-8"?><testsuites name="pytest tests"><testsuite name="pytest" errors="0" failures="0" skipped="0" tests="24" time="8.055" timestamp="2026-08-22T12:11:36.818125+00:00" hostname="agent-env-ffdbe9cf-d0cc-4bfb-9bea-c64db8afb61d"><testcase classname="tests.test_whatsapp_and_analytics.TestWhatsAppProviderConfig" name="test_whatsapp_configured_and_endpoint_visible" time="0.242" /><testcase classname="tests.test_whatsapp_and_analytics.TestWhatsAppRequestFormat" name="test_source_uses_correct_request_shape" time="0.316" /><testcase classname="tests.test_whatsapp_and_analytics.TestSmsTestRecordsAttempt" name="test_response_shape" time="1.037" /><testcase classname="tests.test_whatsapp_and_analytics.TestSmsTestRecordsAttempt" name="test_all_four_providers_attempted" time="0.000" /><testcase classname="tests.test_whatsapp_and_analytics.TestSmsTestRecordsAttempt" name="test_whatsapp_response_has_code_number" time="0.000" /><testcase classname="tests.test_whatsapp_and_analytics.TestSmsAnalyticsAuth" name="test_no_auth_401_or_403" time="0.034" /><testcase classname="tests.test_whatsapp_and_analytics.TestSmsAnalyticsAuth" name="test_non_admin_403" time="1.119" /><testcase classname="tests.test_whatsapp_and_analytics.TestSmsAnalyticsShape" name="test_default_response_shape" time="0.033" /><testcase classname="tests.test_whatsapp_and_analytics.TestSmsAnalyticsShape" name="test_all_four_providers_present" time="0.029" /><testcase classname="tests.test_whatsapp_and_analytics.TestSmsAnalyticsShape" name="test_days_ranges" time="0.094" /><testcase classname="tests.test_whatsapp_and_analytics.TestSmsAnalyticsShape" name="test_whatsapp_attempt_recorded_after_test_sms" time="1.052" /><testcase classname="tests.test_whatsapp_and_analytics.TestStripeWebhookSecretEnv" name="test_stripe_config_still_enabled" time="0.073" /><testcase classname="tests.test_whatsapp_and_analytics.TestStripeWebhookSecretEnv" name="test_webhook_secret_env_set" time="0.000" /><testcase classname="tests.test_whatsapp_and_analytics.TestStripeWebhookSecretEnv" name="test_webhook_secret_not_leaked_in_stripe_config" time="0.069" /><testcase classname="tests.test_sms_providers.TestSmsProvidersEndpoint" name="test_no_auth_401" time="0.078" /><testcase classname="tests.test_sms_providers.TestSmsProvidersEndpoint" name="test_non_admin_403" time="1.191" /><testcase classname="tests.test_sms_providers.TestSmsProvidersEndpoint" name="test_admin_returns_order_and_providers" time="0.183" /><testcase classname="tests.test_sms_providers.TestSmsTestEndpoint" name="test_no_auth_401" time="0.038" /><testcase classname="tests.test_sms_providers.TestSmsTestEndpoint" name="test_non_admin_403" time="0.077" /><testcase classname="tests.test_sms_providers.TestSmsTestEndpoint" name="test_invalid_phone_400" time="0.033" /><testcase classname="tests.test_sms_providers.TestSmsTestEndpoint" name="test_chain_attempts_all_four_providers" time="1.110" /><testcase classname="tests.test_sms_providers.TestOtpStartChainBehavior" name="test_otp_start_returns_testcode_with_attempts_message" time="1.031" /><testcase classname="tests.test_sms_providers.TestOtpStartChainBehavior" name="test_otp_start_admin_phone_uses_universal_code" time="0.074" /><testcase classname="tests.test_sms_providers.TestOtpStartChainBehavior" name="test_otp_start_invalid_phone_400" time="0.080" /></testsuite></testsuites>