<?xml version="1.0" encoding="utf-8"?><testsuites name="pytest tests"><testsuite name="pytest" errors="0" failures="0" skipped="0" tests="6" time="4.890" timestamp="2026-08-21T15:15:59.666639+00:00" hostname="agent-env-ffdbe9cf-d0cc-4bfb-9bea-c64db8afb61d"><testcase classname="tests.test_momo_paypal" name="test_momo_initiate_hits_debit_credit_endpoint" time="2.169" /><testcase classname="tests.test_momo_paypal" name="test_momo_status_polling" time="1.198" /><testcase classname="tests.test_momo_paypal" name="test_otp_verify_regression" time="0.090" /><testcase classname="tests.test_momo_paypal" name="test_now_playing_youtube_id" time="0.043" /><testcase classname="tests.test_momo_paypal" name="test_shows_at_least_six" time="0.044" /><testcase classname="tests.test_momo_paypal" name="test_paypal_create_subscription_live" time="0.731" /></testsuite></testsuites>