<?xml version="1.0" encoding="utf-8"?><testsuites name="pytest tests"><testsuite name="pytest" errors="0" failures="0" skipped="0" tests="16" time="7.877" timestamp="2026-08-23T14:05:28.272802+00:00" hostname="agent-env-ffdbe9cf-d0cc-4bfb-9bea-c64db8afb61d"><testcase classname="tests.test_iter21_momo_transfer_and_privacy" name="test_health" time="0.304" /><testcase classname="tests.test_iter21_momo_transfer_and_privacy" name="test_privacy_no_auth" time="0.180" /><testcase classname="tests.test_iter21_momo_transfer_and_privacy" name="test_privacy_with_auth" time="0.232" /><testcase classname="tests.test_iter21_momo_transfer_and_privacy" name="test_shows_count" time="0.062" /><testcase classname="tests.test_iter21_momo_transfer_and_privacy" name="test_momo_initiate_transfer" time="2.419" /><testcase classname="tests.test_iter21_momo_transfer_and_privacy" name="test_momo_initiate_besoft_attempt_history" time="1.313" /><testcase classname="tests.test_iter21_momo_transfer_and_privacy" name="test_momo_initiate_merchant_guard[250798875274]" time="0.072" /><testcase classname="tests.test_iter21_momo_transfer_and_privacy" name="test_momo_initiate_merchant_guard[+250 798 875 274]" time="0.074" /><testcase classname="tests.test_iter21_momo_transfer_and_privacy" name="test_momo_initiate_merchant_guard[0798875274]" time="0.072" /><testcase classname="tests.test_iter21_momo_transfer_and_privacy" name="test_momo_initiate_merchant_guard[250 798 875 274]" time="0.076" /><testcase classname="tests.test_iter21_momo_transfer_and_privacy" name="test_vod_momo_transfer" time="1.850" /><testcase classname="tests.test_iter21_momo_transfer_and_privacy" name="test_vod_momo_merchant_guard[250798875274]" time="0.035" /><testcase classname="tests.test_iter21_momo_transfer_and_privacy" name="test_vod_momo_merchant_guard[+250 798 875 274]" time="0.035" /><testcase classname="tests.test_iter21_momo_transfer_and_privacy" name="test_vod_momo_merchant_guard[0798875274]" time="0.073" /><testcase classname="tests.test_iter21_momo_transfer_and_privacy" name="test_vod_momo_merchant_guard[250 798 875 274]" time="0.079" /><testcase classname="tests.test_iter21_momo_transfer_and_privacy" name="test_admin_youtube_sync" time="0.686" /></testsuite></testsuites>