<?xml version="1.0" encoding="utf-8"?><testsuites name="pytest tests"><testsuite name="pytest" errors="0" failures="0" skipped="0" tests="19" time="12.069" timestamp="2026-08-23T15:53:08.354558+00:00" hostname="agent-env-ffdbe9cf-d0cc-4bfb-9bea-c64db8afb61d"><testcase classname="tests.test_iter22_security_and_uploads" name="test_health" time="0.269" /><testcase classname="tests.test_iter22_security_and_uploads" name="test_privacy_policy" time="0.212" /><testcase classname="tests.test_iter22_security_and_uploads.TestBillingSubscribeSecurity" name="test_non_admin_subscribe_returns_403" time="2.748" /><testcase classname="tests.test_iter22_security_and_uploads.TestBillingSubscribeSecurity" name="test_admin_subscribe_still_works" time="0.300" /><testcase classname="tests.test_iter22_security_and_uploads.TestStripe" name="test_create_checkout_returns_live_url" time="0.695" /><testcase classname="tests.test_iter22_security_and_uploads.TestStripe" name="test_session_status_unpaid_session_returns_paid_false" time="0.291" /><testcase classname="tests.test_iter22_security_and_uploads.TestStripe" name="test_session_status_isolation_returns_404" time="0.089" /><testcase classname="tests.test_iter22_security_and_uploads.TestAdminAllowlist" name="test_admin_emails_exist_as_admin_stubs" time="0.001" /><testcase classname="tests.test_iter22_security_and_uploads.TestAdminAllowlist" name="test_throwaway_user_is_not_admin" time="1.960" /><testcase classname="tests.test_iter22_security_and_uploads.TestObjectStorage" name="test_upload_unauthorized" time="0.079" /><testcase classname="tests.test_iter22_security_and_uploads.TestObjectStorage" name="test_upload_unauthorized_regular_user" time="0.076" /><testcase classname="tests.test_iter22_security_and_uploads.TestObjectStorage" name="test_upload_rejects_non_image" time="0.145" /><testcase classname="tests.test_iter22_security_and_uploads.TestObjectStorage" name="test_upload_image_happy_path" time="0.996" /><testcase classname="tests.test_iter22_security_and_uploads.TestPayPalRegression" name="test_paypal_create_subscription" time="0.915" /><testcase classname="tests.test_iter22_security_and_uploads.TestPayPalRegression" name="test_paypal_vod_create" time="0.842" /><testcase classname="tests.test_iter22_security_and_uploads.TestMoMoRegression" name="test_momo_initiate_ok" time="1.517" /><testcase classname="tests.test_iter22_security_and_uploads.TestMoMoRegression" name="test_momo_merchant_guard" time="0.077" /><testcase classname="tests.test_iter22_security_and_uploads.TestYouTubeShows" name="test_shows_50_plus" time="0.081" /><testcase classname="tests.test_iter22_security_and_uploads.TestYouTubeShows" name="test_youtube_sync" time="0.620" /></testsuite></testsuites>