<?xml version="1.0" encoding="utf-8"?><testsuites name="pytest tests"><testsuite name="pytest" errors="0" failures="0" skipped="0" tests="12" time="4.384" timestamp="2026-08-24T14:22:28.396107+00:00" hostname="agent-env-ffdbe9cf-d0cc-4bfb-9bea-c64db8afb61d"><testcase classname="tests.test_iter30_sub_gating_and_sms_receipt.TestLiveStatusGating" name="test_unauth_never_leaks_playback_urls" time="0.164" /><testcase classname="tests.test_iter30_sub_gating_and_sms_receipt.TestLiveStatusGating" name="test_free_user_never_leaks_playback_urls" time="0.274" /><testcase classname="tests.test_iter30_sub_gating_and_sms_receipt.TestLiveStatusGating" name="test_premium_user_receives_playback_urls_when_live" time="0.251" /><testcase classname="tests.test_iter30_sub_gating_and_sms_receipt.TestLiveSessionAuth" name="test_unauth_returns_401" time="0.112" /><testcase classname="tests.test_iter30_sub_gating_and_sms_receipt.TestLiveSessionAuth" name="test_free_user_returns_402" time="0.109" /><testcase classname="tests.test_iter30_sub_gating_and_sms_receipt.TestLiveSessionAuth" name="test_expired_user_returns_402" time="0.261" /><testcase classname="tests.test_iter30_sub_gating_and_sms_receipt.TestLiveSessionAuth" name="test_premium_user_gets_200_or_404" time="0.098" /><testcase classname="tests.test_iter30_sub_gating_and_sms_receipt.TestShowsGating" name="test_unauth_shows_hides_playback_urls" time="0.104" /><testcase classname="tests.test_iter30_sub_gating_and_sms_receipt.TestShowsGating" name="test_free_user_shows_hides_playback_urls" time="0.088" /><testcase classname="tests.test_iter30_sub_gating_and_sms_receipt.TestShowsGating" name="test_premium_user_shows_may_include_playback_urls" time="0.108" /><testcase classname="tests.test_iter30_sub_gating_and_sms_receipt.TestSMSReceipt" name="test_helper_defined_and_called_at_multiple_sites" time="0.001" /><testcase classname="tests.test_iter30_sub_gating_and_sms_receipt.TestSMSReceipt" name="test_receipt_writes_sms_delivery_record" time="2.678" /></testsuite></testsuites>