<?xml version="1.0" encoding="utf-8"?><testsuites name="pytest tests"><testsuite name="pytest" errors="0" failures="0" skipped="0" tests="9" time="2.900" timestamp="2026-08-24T07:33:27.345131+00:00" hostname="agent-env-ffdbe9cf-d0cc-4bfb-9bea-c64db8afb61d"><testcase classname="tests.test_iter26_news_schedule.TestSchedule" name="test_public_schedule_get_ok" time="0.300" /><testcase classname="tests.test_iter26_news_schedule.TestNews" name="test_get_news_public_normalization" time="1.793" /><testcase classname="tests.test_iter26_news_schedule.TestSchedule" name="test_admin_schedule_crud_full" time="0.735" /><testcase classname="tests.test_iter26_news_schedule.TestSchedule" name="test_admin_schedule_requires_auth" time="0.092" /><testcase classname="tests.test_iter26_news_schedule.TestSchedule" name="test_patch_schedule_404_unknown_id" time="0.098" /><testcase classname="tests.test_iter26_news_schedule.TestSchedule" name="test_delete_schedule_404_unknown_id" time="0.102" /><testcase classname="tests.test_iter26_news_schedule.TestNews" name="test_create_news_with_source_and_verify_mirror" time="0.404" /><testcase classname="tests.test_iter26_news_schedule.TestNews" name="test_patch_news_source_and_mirror" time="0.296" /><testcase classname="tests.test_iter26_news_schedule.TestNews" name="test_admin_news_requires_auth" time="0.088" /></testsuite></testsuites>