<?xml version="1.0" encoding="utf-8"?><testsuites name="pytest tests"><testsuite name="pytest" errors="0" failures="0" skipped="0" tests="23" time="33.795" timestamp="2026-08-24T17:49:17.660445+00:00" hostname="agent-env-ffdbe9cf-d0cc-4bfb-9bea-c64db8afb61d"><testcase classname="tests.test_iter31_live_shows.TestLiveShowsCRUD" name="test_unauth_admin_list_forbidden" time="0.237" /><testcase classname="tests.test_iter31_live_shows.TestYouTubeConfig" name="test_get_config_no_secrets" time="0.416" /><testcase classname="tests.test_iter31_live_shows.TestLiveShowsCRUD" name="test_create_defaults" time="0.317" /><testcase classname="tests.test_iter31_live_shows.TestYouTubeConfig" name="test_put_config_empty_400" time="0.184" /><testcase classname="tests.test_iter31_live_shows.TestYouTubeConfig" name="test_put_config_partial" time="0.258" /><testcase classname="tests.test_iter31_live_shows.TestLiveShowsCRUD" name="test_admin_list_sorted" time="0.348" /><testcase classname="tests.test_iter31_live_shows.TestYouTubeConfig" name="test_oauth_start_412_missing_client_id" time="0.123" /><testcase classname="tests.test_iter31_live_shows.TestYouTubeConfig" name="test_oauth_start_returns_url_and_saves_state" time="0.165" /><testcase classname="tests.test_iter31_live_shows.TestLiveShowsCRUD" name="test_patch_updates_fields" time="0.243" /><testcase classname="tests.test_iter31_live_shows.TestYouTubeConfig" name="test_callback_missing_code_400" time="0.110" /><testcase classname="tests.test_iter31_live_shows.TestLiveShowsCRUD" name="test_patch_invalid_status_400" time="0.259" /><testcase classname="tests.test_iter31_live_shows.TestYouTubeConfig" name="test_callback_state_mismatch_400" time="0.072" /><testcase classname="tests.test_iter31_live_shows.TestLiveShowsCRUD" name="test_delete_and_404" time="0.465" /><testcase classname="tests.test_iter31_live_shows.TestLiveShowsLifecycle" name="test_end_sets_status_ended" time="0.415" /><testcase classname="tests.test_iter31_live_shows.TestLiveShowsLifecycle" name="test_end_unknown_404" time="0.076" /><testcase classname="tests.test_iter31_live_shows.TestLiveShowsCRUD" name="test_delete_unknown_404" time="0.067" /><testcase classname="tests.test_iter31_live_shows.TestPublicLiveShows" name="test_public_unauth_strips_playback_fields" time="0.432" /><testcase classname="tests.test_iter31_live_shows.TestLiveShowsLifecycle" name="test_attach_youtube_live_shape" time="0.405" /><testcase classname="tests.test_iter31_live_shows.TestLiveShowsLifecycle" name="test_publish_to_youtube_400_no_recording" time="0.268" /><testcase classname="tests.test_iter31_live_shows.TestPublicLiveShows" name="test_public_premium_gets_playback" time="0.404" /><testcase classname="tests.test_iter31_live_shows.TestLiveShowsLifecycle" name="test_publish_to_youtube_412_no_refresh_token" time="0.419" /><testcase classname="tests.test_iter31_live_shows.TestPeriodicLiveLoopHandleResolution" name="test_periodic_loop_reads_config_handle" time="15.064" /><testcase classname="tests.test_iter31_live_shows.TestPeriodicLiveLoopHandleResolution" name="test_periodic_loop_falls_back_to_env_handle" time="15.021" /></testsuite></testsuites>