<?xml version="1.0" encoding="utf-8"?><testsuites name="pytest tests"><testsuite name="pytest" errors="0" failures="0" skipped="0" tests="16" time="4.630" timestamp="2026-08-21T16:27:15.894339+00:00" hostname="agent-env-ffdbe9cf-d0cc-4bfb-9bea-c64db8afb61d"><testcase classname="tests.test_admin_vod_branding.TestAdminAutoPromotion" name="test_admin_phone_with_plus_gets_admin_role" time="0.354" /><testcase classname="tests.test_admin_vod_branding.TestAdminAutoPromotion" name="test_admin_phone_without_plus_gets_admin_role" time="0.222" /><testcase classname="tests.test_admin_vod_branding.TestAdminAutoPromotion" name="test_non_admin_phone_gets_user_role" time="0.147" /><testcase classname="tests.test_admin_vod_branding.TestPrograms" name="test_programs_list_returns_three_ordered" time="0.036" /><testcase classname="tests.test_admin_vod_branding.TestSettings" name="test_settings_returns_branding" time="0.081" /><testcase classname="tests.test_admin_vod_branding.TestNewShowSeeded" name="test_shows_contains_new_youtube_video" time="0.043" /><testcase classname="tests.test_admin_vod_branding.TestAdminSettingsUpdate" name="test_admin_can_update_youtube_live_url_and_reflected_in_now_playing" time="0.761" /><testcase classname="tests.test_admin_vod_branding.TestAdminAccessControl" name="test_non_admin_put_admin_settings_403" time="0.097" /><testcase classname="tests.test_admin_vod_branding.TestAdminAccessControl" name="test_unauth_put_admin_settings_401" time="0.072" /><testcase classname="tests.test_admin_vod_branding.TestAdminProgramsCRUD" name="test_admin_create_program" time="0.035" /><testcase classname="tests.test_admin_vod_branding.TestAdminProgramsCRUD" name="test_admin_update_program" time="0.083" /><testcase classname="tests.test_admin_vod_branding.TestAdminProgramsCRUD" name="test_admin_delete_program" time="0.070" /><testcase classname="tests.test_admin_vod_branding.TestAdminShowsCreate" name="test_admin_can_create_show" time="0.119" /><testcase classname="tests.test_admin_vod_branding.TestVodLocking" name="test_non_premium_sees_lock_with_price" time="0.111" /><testcase classname="tests.test_admin_vod_branding.TestVodPayPalCreate" name="test_non_premium_create_returns_paypal_approve_url" time="0.802" /><testcase classname="tests.test_admin_vod_branding.TestMoMoDebitCredit" name="test_momo_initiate_with_real_msisdn_writes_debit_credit_payload" time="1.505" /></testsuite></testsuites>