<?xml version="1.0" encoding="utf-8"?><testsuites name="pytest tests"><testsuite name="pytest" errors="0" failures="0" skipped="0" tests="30" time="9.865" timestamp="2026-08-23T16:19:13.539714+00:00" hostname="agent-env-ffdbe9cf-d0cc-4bfb-9bea-c64db8afb61d"><testcase classname="tests.test_iter23_multichannel_news_bulk_reminders.TestYouTubeMultiChannel" name="test_sync_returns_both_channels" time="1.463" /><testcase classname="tests.test_iter23_multichannel_news_bulk_reminders.TestYouTubeMultiChannel" name="test_status_returns_both_channels" time="0.087" /><testcase classname="tests.test_iter23_multichannel_news_bulk_reminders.TestYouTubeMultiChannel" name="test_sports_bar_category_present" time="0.094" /><testcase classname="tests.test_iter23_multichannel_news_bulk_reminders.TestYouTubeMultiChannel" name="test_sports_bar_shows_listing" time="0.083" /><testcase classname="tests.test_iter23_multichannel_news_bulk_reminders.TestAdminNewsCRUD" name="test_regular_user_cannot_create" time="2.121" /><testcase classname="tests.test_iter23_multichannel_news_bulk_reminders.TestAdminNewsCRUD" name="test_create_news" time="0.082" /><testcase classname="tests.test_iter23_multichannel_news_bulk_reminders.TestAdminNewsCRUD" name="test_news_visible_in_public_list" time="0.098" /><testcase classname="tests.test_iter23_multichannel_news_bulk_reminders.TestAdminNewsCRUD" name="test_patch_news" time="0.076" /><testcase classname="tests.test_iter23_multichannel_news_bulk_reminders.TestAdminNewsCRUD" name="test_regular_user_cannot_delete" time="0.103" /><testcase classname="tests.test_iter23_multichannel_news_bulk_reminders.TestAdminNewsCRUD" name="test_delete_news" time="0.167" /><testcase classname="tests.test_iter23_multichannel_news_bulk_reminders.TestBulkInvite" name="test_00_precleanup" time="0.001" /><testcase classname="tests.test_iter23_multichannel_news_bulk_reminders.TestBulkInvite" name="test_bulk_invite_creates_three" time="0.085" /><testcase classname="tests.test_iter23_multichannel_news_bulk_reminders.TestBulkInvite" name="test_bulk_invite_idempotent_updates" time="0.081" /><testcase classname="tests.test_iter23_multichannel_news_bulk_reminders.TestBulkInvite" name="test_bulk_invite_skip_empty_row" time="0.087" /><testcase classname="tests.test_iter23_multichannel_news_bulk_reminders.TestBulkInvite" name="test_regular_cannot_bulk_invite" time="0.084" /><testcase classname="tests.test_iter23_multichannel_news_bulk_reminders.TestBulkInvite" name="test_zzz_cleanup" time="0.001" /><testcase classname="tests.test_iter23_multichannel_news_bulk_reminders.TestUserEdit" name="test_setup_target" time="0.107" /><testcase classname="tests.test_iter23_multichannel_news_bulk_reminders.TestUserEdit" name="test_patch_user" time="0.097" /><testcase classname="tests.test_iter23_multichannel_news_bulk_reminders.TestUserEdit" name="test_self_demote_forbidden" time="0.081" /><testcase classname="tests.test_iter23_multichannel_news_bulk_reminders.TestUserEdit" name="test_zzz_cleanup" time="0.001" /><testcase classname="tests.test_iter23_multichannel_news_bulk_reminders.TestSubscriptionReminders" name="test_manual_run" time="0.105" /><testcase classname="tests.test_iter23_multichannel_news_bulk_reminders.TestSubscriptionReminders" name="test_list_reminders" time="0.095" /><testcase classname="tests.test_iter23_multichannel_news_bulk_reminders.TestSubscriptionReminders" name="test_dedup_after_second_pass" time="1.830" /><testcase classname="tests.test_iter23_multichannel_news_bulk_reminders.TestSubscriptionReminders" name="test_zzz_cleanup" time="0.001" /><testcase classname="tests.test_iter23_multichannel_news_bulk_reminders.TestRegression" name="test_momo_initiate_payer" time="1.391" /><testcase classname="tests.test_iter23_multichannel_news_bulk_reminders.TestRegression" name="test_momo_merchant_guard" time="0.084" /><testcase classname="tests.test_iter23_multichannel_news_bulk_reminders.TestRegression" name="test_stripe_create_checkout" time="0.511" /><testcase classname="tests.test_iter23_multichannel_news_bulk_reminders.TestRegression" name="test_non_admin_subscribe_403" time="0.087" /><testcase classname="tests.test_iter23_multichannel_news_bulk_reminders.TestRegression" name="test_privacy_html" time="0.067" /><testcase classname="tests.test_iter23_multichannel_news_bulk_reminders.TestRegression" name="test_object_storage_upload" time="0.567" /></testsuite></testsuites>